
> backend_api@0.1.0 dev
> ./node_modules/.bin/nodemon bin/www

[33m[nodemon] 3.0.2[39m
[33m[nodemon] to restart at any time, enter `rs`[39m
[33m[nodemon] watching path(s): *.*[39m
[33m[nodemon] watching extensions: js,mjs,cjs,json[39m
[32m[nodemon] starting `node bin/www`[39m
node:events:492
      throw er; // Unhandled 'error' event
      ^

Error: EBADF: bad file descriptor, read
Emitted 'error' event on ReadStream instance at:
    at emitErrorNT (node:internal/streams/destroy:151:8)
    at errorOrDestroy (node:internal/streams/destroy:214:7)
    at node:internal/fs/streams:258:9
    at FSReqCallback.wrapper [as oncomplete] (node:fs:684:5) {
  errno: -9,
  code: 'EBADF',
  syscall: 'read'
}

Node.js v18.17.1
